GAYYYYYYY
Loading data...
/home/somaiya-1/.local/lib/python3.10/site-packages/torch/nn/modules/transformer.py:379: UserWarning: enable_nested_tensor is True, but self.use_nested_tensor is False because encoder_layer.self_attn.batch_first was not True(use batch_first for better inference performance)
  warnings.warn(
15822417
LargeTransformerModel(
  (embedding): Embedding(81, 256)
  (transformer_encoder): TransformerEncoder(
    (layers): ModuleList(
      (0-11): 12 x TransformerEncoderLayer(
        (self_attn): MultiheadAttention(
          (out_proj): NonDynamicallyQuantizableLinear(in_features=256, out_features=256, bias=True)
        )
        (linear1): Linear(in_features=256, out_features=2048, bias=True)
        (dropout): Dropout(p=0.1, inplace=False)
        (linear2): Linear(in_features=2048, out_features=256, bias=True)
        (norm1): LayerNorm((256,), eps=1e-05, elementwise_affine=True)
        (norm2): LayerNorm((256,), eps=1e-05, elementwise_affine=True)
        (dropout1): Dropout(p=0.1, inplace=False)
        (dropout2): Dropout(p=0.1, inplace=False)
      )
    )
  )
  (fc): Linear(in_features=256, out_features=81, bias=True)
)
Epoch [1/40], Train Loss: 2.3699, Train Accuracy: 0.3032, Val Loss: 2.3697, Val Accuracy: 0.3023
Epoch [2/40], Train Loss: 2.3669, Train Accuracy: 0.3032, Val Loss: 2.3680, Val Accuracy: 0.3023
Epoch [3/40], Train Loss: 2.3662, Train Accuracy: 0.3032, Val Loss: 2.3670, Val Accuracy: 0.3023
Epoch [4/40], Train Loss: 2.3659, Train Accuracy: 0.3032, Val Loss: 2.3670, Val Accuracy: 0.3023
Epoch [5/40], Train Loss: 2.3657, Train Accuracy: 0.3032, Val Loss: 2.3673, Val Accuracy: 0.3023
