Loading data...
5836689
HybridModel(
  (embedding): Embedding(81, 64)
  (gru): GRU(64, 128, num_layers=3, batch_first=True, dropout=0.2)
  (lstm): LSTM(128, 512, num_layers=3, batch_first=True, dropout=0.2)
  (fc): Linear(in_features=512, out_features=81, bias=True)
)
Hello
Epoch [1/40], Train Loss: 1.0263, Train Accuracy: 0.6664, Val Loss: 0.7988, Val Accuracy: 0.7339
Hello
Epoch [2/40], Train Loss: 0.7688, Train Accuracy: 0.7409, Val Loss: 0.7131, Val Accuracy: 0.7608
Hello
Epoch [3/40], Train Loss: 0.7059, Train Accuracy: 0.7611, Val Loss: 0.6715, Val Accuracy: 0.7750
Hello
Epoch [4/40], Train Loss: 0.6694, Train Accuracy: 0.7730, Val Loss: 0.6500, Val Accuracy: 0.7813
Hello
Epoch [5/40], Train Loss: 0.6454, Train Accuracy: 0.7807, Val Loss: 0.6390, Val Accuracy: 0.7875
Hello
Epoch [6/40], Train Loss: 0.6279, Train Accuracy: 0.7865, Val Loss: 0.6217, Val Accuracy: 0.7924
Hello
Epoch [7/40], Train Loss: 0.6159, Train Accuracy: 0.7905, Val Loss: 0.6169, Val Accuracy: 0.7944
Hello
Epoch [8/40], Train Loss: 0.6057, Train Accuracy: 0.7935, Val Loss: 0.6085, Val Accuracy: 0.7983
Hello
Epoch [9/40], Train Loss: 0.5985, Train Accuracy: 0.7961, Val Loss: 0.6068, Val Accuracy: 0.7988
Hello
Epoch [10/40], Train Loss: 0.5917, Train Accuracy: 0.7983, Val Loss: 0.6055, Val Accuracy: 0.8000
Hello
Epoch [11/40], Train Loss: 0.5868, Train Accuracy: 0.7994, Val Loss: 0.5982, Val Accuracy: 0.8024
Hello
Epoch [12/40], Train Loss: 0.5819, Train Accuracy: 0.8011, Val Loss: 0.5990, Val Accuracy: 0.8016
Hello
Epoch [13/40], Train Loss: 0.5792, Train Accuracy: 0.8027, Val Loss: 0.5976, Val Accuracy: 0.8029
Hello
Epoch [14/40], Train Loss: 0.5770, Train Accuracy: 0.8028, Val Loss: 0.5987, Val Accuracy: 0.8025
Hello
Epoch [15/40], Train Loss: 0.5749, Train Accuracy: 0.8032, Val Loss: 0.5957, Val Accuracy: 0.8044
Hello
Epoch [16/40], Train Loss: 0.5729, Train Accuracy: 0.8039, Val Loss: 0.5956, Val Accuracy: 0.8035
Hello
Epoch [17/40], Train Loss: 0.5724, Train Accuracy: 0.8040, Val Loss: 0.5967, Val Accuracy: 0.8040
Hello
Epoch [18/40], Train Loss: 0.5711, Train Accuracy: 0.8046, Val Loss: 0.5970, Val Accuracy: 0.8034
Hello
Epoch [19/40], Train Loss: 0.5710, Train Accuracy: 0.8047, Val Loss: 0.5965, Val Accuracy: 0.8043
Hello
Epoch [20/40], Train Loss: 0.5702, Train Accuracy: 0.8046, Val Loss: 0.5971, Val Accuracy: 0.8041
Hello
Epoch [21/40], Train Loss: 0.5698, Train Accuracy: 0.8053, Val Loss: 0.5943, Val Accuracy: 0.8045
Hello
Epoch [22/40], Train Loss: 0.5684, Train Accuracy: 0.8052, Val Loss: 0.5952, Val Accuracy: 0.8048
Hello
Epoch [23/40], Train Loss: 0.5676, Train Accuracy: 0.8056, Val Loss: 0.5951, Val Accuracy: 0.8057
Hello
Epoch [24/40], Train Loss: 0.5693, Train Accuracy: 0.8049, Val Loss: 0.5966, Val Accuracy: 0.8042
Hello
Epoch [25/40], Train Loss: 0.5688, Train Accuracy: 0.8050, Val Loss: 0.5964, Val Accuracy: 0.8050
Hello
Epoch [26/40], Train Loss: 0.5693, Train Accuracy: 0.8048, Val Loss: 0.5985, Val Accuracy: 0.8054
Early stopping triggered
